[    5490ms] [LOG] showStream true undefined @ https://www.addicted-sports.com/fileadmin/webcam/src/mediaPlayerWebcamView.js?1753701057:3453
[    5492ms] [LOG] TEST refreshAdsWebcamArchiv 1776623424612 @ https://www.addicted-sports.com/fileadmin/webcam/src/mediaPlayerWebcamView.js?1753701057:1067
[    5492ms] [LOG] 2026/04/19/2000.mp4 @ https://www.addicted-sports.com/fileadmin/webcam/src/mediaPlayerWebcamView.js?1753701057:3584
[    5511ms] [LOG] TEST refreshAdsWebcamArchiv 1776623424631 @ https://www.addicted-sports.com/fileadmin/webcam/src/mediaPlayerWebcamView.js?1753701057:1067
[    5520ms] [LOG] resize @ https://www.addicted-sports.com/fileadmin/webcam/src/mediaPlayerWebcamView.js?1753701057:3931
[    5576ms] [LOG] 3 310 @ https://www.addicted-sports.com/fileadmin/webcam/src/mediaPlayerWebcamView.js?1753701057:559
[    5951ms] [LOG] onImgDownloaded https://www.addicted-sports.com/fileadmin/webcam/walchensee/2026/04/19/2020_lt.jpg @ https://www.addicted-sports.com/fileadmin/webcam/src/mediaPlayerWebcamView.js?1753701057:3724
[   10117ms] [LOG] TEST refreshAds() 1776623429238 @ https://www.addicted-sports.com/fileadmin/webcam/src/mediaPlayerWebcamView.js?1753701057:1193
[  248797ms] [LOG] {tcString: CQi5_TAQi5_TAAfQ1BDECbFgAP_AAEPAAAigJSkR5G5cDWFBeT…AACAAIAQAAAAAAAgAAAAAACABAIAAAAAAAAIA.f_gACHgAAAA, tcfPolicyVersion: 5, cmpId: 31, cmpVersion: 1077, gdprApplies: true} @ https://storage.googleapis.com/adtags/addicted-sports/QMAX_addicted-sports.com.js?003:39
[  249230ms] [WARNING] [GPT] Div ID passed to googletag.display() does not match any defined slots: div-gpt-ad-364310162361713456-4.
https://goo.gle/gpt-message#26 @ https://securepubads.g.doubleclick.net/pagead/managed/js/gpt/m202604170101/pubads_impl.js?cb=31097946:18
[  249231ms] [WARNING] [GPT] Div ID passed to googletag.display() does not match any defined slots: div-gpt-ad-364310162361713456-5.
https://goo.gle/gpt-message#26 @ https://securepubads.g.doubleclick.net/pagead/managed/js/gpt/m202604170101/pubads_impl.js?cb=31097946:18
[  249232ms] [WARNING] [GPT] Div ID passed to googletag.display() does not match any defined slots: div-gpt-ad-364310162361713456-6.
https://goo.gle/gpt-message#26 @ https://securepubads.g.doubleclick.net/pagead/managed/js/gpt/m202604170101/pubads_impl.js?cb=31097946:18
[  249289ms] [WARNING] [GPT] [[]] passed to PubAdsService.setTargeting is invalid and will soon no longer be supported. Please review your implementation and ensure all input values conform strictly to the data types defined.
https://goo.gle/gpt-message#185 @ https://securepubads.g.doubleclick.net/pagead/managed/js/gpt/m202604170101/pubads_impl.js?cb=31097946:18
[  249398ms] [WARNING] [GPT] Using deprecated googletag.encryptedSignalProviders. Please use googletag.secureSignalProviders instead.
https://goo.gle/gpt-message#155 @ https://securepubads.g.doubleclick.net/pagead/managed/js/gpt/m202604170101/pubads_impl.js?cb=31097946:18
[  250431ms] [WARNING] [GPT] Using deprecated googletag.encryptedSignalProviders. Please use googletag.secureSignalProviders instead.
https://goo.gle/gpt-message#155 @ https://securepubads.g.doubleclick.net/pagead/managed/js/gpt/m202604170101/pubads_impl.js?cb=31097946:18
[  251074ms] [INFO] Powered by AMP ⚡ HTML – Version 2603032146000 https://www.addicted-sports.com/webcam/walchensee/urfeld/ @ https://cdn.ampproject.org/rtv/012603032146000/amp4ads-v0.mjs:1
[  252294ms] [ERROR] Attestation check for Shared Storage on https://www.googleadservices.com failed. @ https://www.googleadservices.com/pagead/managed/js/activeview/current/reach_worklet.html:0
[  252309ms] [ERROR] Attestation check for Shared Storage on https://www.googleadservices.com failed. @ https://www.googleadservices.com/pagead/managed/js/activeview/current/reach_worklet.html:0
[  254443ms] [ERROR] Failed to load resource: net::ERR_TOO_MANY_REDIRECTS @ https://cm.g.doubleclick.net/pixel?google_nid=semasio_ddp&google_cm&google_hm=NzcwNTZGRjZCNjY5MEI5Mw%3D%3D&gdpr=1&gdpr_consent=CQi5_TAQi5_TAAfQ1BDECbFgAP_AAEPAAAigJSkR5G5cDWFBeTJ3YIskeYQX0cgpZgABAgaAAyABCDCAYIQAkkEyIAyAAAACAQAAIDSBAAAgDAhAAEAAAIgBAADoAAAEgBAIIAAEABERQ0IAAAgKCIgAEAAIAABxIkAAkAKAAILiQFAAgIAiAAABAAAAAIABAAMAAAAIAAACAAIAQAAAAAAAgAAAAAACABAIAAAAAAAAII3gAgGhUAQFAQCBAIAEECAAQUAABQAAAAASAAgAACBAAYAQAEEEyAAAAAAAAAQAAAAABAAAAAAhAAEAAAIAAAAAoAAAAAAAIAAAAABABQgAAAAgKAIgAAAAAAABAIEAAgAAAAAACQFAAAAAgAAAAAAAAAIAAAAAAAAAIAAAAAAAAAAAAAAAAgAAAAAAAAAAIAA.IJSkR5G5cDWFBeTJ3YIskeYQX0cgpZgABAgaAAyABCDCAYIQAkkEyIAyAAAACAQAAIDSBAAAgDAhAAEAAAIgBAADoAAAEgBAIIAAEABERQ0IAAAgKCIgAEAAIAABxIkAAkAKAAILiQFAAgIAiAAABAAAAAIABAAMAAAAIAAACAAIAQAAAAAAAgAAAAAACABAIAAAAAAAAIA.f_gACHgAAAA&id5=ID5-d66ez2gh0QrwvCZkEHBhkRNBjPcV8W8dfNsGNjbrdA:0
[  254927ms] [ERROR] Failed to load resource: the server responded with a status of 451 () @ https://id.rlcdn.com/709414.gif?gdpr_consent=CQi5_TAQi5_TAAfQ1BDECbFgAP_AAEPAAAigJSkR5G5cDWFBeTJ3YIskeYQX0cgpZgABAgaAAyABCDCAYIQAkkEyIAyAAAACAQAAIDSBAAAgDAhAAEAAAIgBAADoAAAEgBAIIAAEABERQ0IAAAgKCIgAEAAIAABxIkAAkAKAAILiQFAAgIAiAAABAAAAAIABAAMAAAAIAAACAAIAQAAAAAAAgAAAAAACABAIAAAAAAAAII3gAgGhUAQFAQCBAIAEECAAQUAABQAAAAASAAgAACBAAYAQAEEEyAAAAAAAAAQAAAAABAAAAAAhAAEAAAIAAAAAoAAAAAAAIAAAAABABQgAAAAgKAIgAAAAAAABAIEAAgAAAAAACQFAAAAAgAAAAAAAAAIAAAAAAAAAIAAAAAAAAAAAAAAAAgAAAAAAAAAAIAA.IJSkR5G5cDWFBeTJ3YIskeYQX0cgpZgABAgaAAyABCDCAYIQAkkEyIAyAAAACAQAAIDSBAAAgDAhAAEAAAIgBAADoAAAEgBAIIAAEABERQ0IAAAgKCIgAEAAIAABxIkAAkAKAAILiQFAAgIAiAAABAAAAAIABAAMAAAAIAAACAAIAQAAAAAAAgAAAAAACABAIAAAAAAAAIA.f_gACHgAAAA&gdpr=1:0
[  255097ms] [ERROR] Failed to load resource: the server responded with a status of 400 () @ https://match.prod.bidr.io/cookie-sync/rp?bee_sync_partners=rp&gdpr_consent=CQi5_TAQi5_TAAfQ1BDECbFgAP_AAEPAAAigJSkR5G5cDWFBeTJ3YIskeYQX0cgpZgABAgaAAyABCDCAYIQAkkEyIAyAAAACAQAAIDSBAAAgDAhAAEAAAIgBAADoAAAEgBAIIAAEABERQ0IAAAgKCIgAEAAIAABxIkAAkAKAAILiQFAAgIAiAAABAAAAAIABAAMAAAAIAAACAAIAQAAAAAAAgAAAAAACABAIAAAAAAAAII3gAgGhUAQFAQCBAIAEECAAQUAABQAAAAASAAgAACBAAYAQAEEEyAAAAAAAAAQAAAAABAAAAAAhAAEAAAIAAAAAoAAAAAAAIAAAAABABQgAAAAgKAIgAAAAAAABAIEAAgAAAAAACQFAAAAAgAAAAAAAAAIAAAAAAAAAIAAAAAAAAAAAAAAAAgAAAAAAAAAAIAA.IJSkR5G5cDWFBeTJ3YIskeYQX0cgpZgABAgaAAyABCDCAYIQAkkEyIAyAAAACAQAAIDSBAAAgDAhAAEAAAIgBAADoAAAEgBAIIAAEABERQ0IAAAgKCIgAEAAIAABxIkAAkAKAAILiQFAAgIAiAAABAAAAAIABAAMAAAAIAAACAAIAQAAAAAAAgAAAAAACABAIAAAAAAAAIA.f_gACHgAAAA&gdpr=1&_bee_ppp=1:0
[  284588ms] [ERROR] Failed to load resource: the server responded with a status of 404 () @ https://sync.crwdcntrl.net/qmap?c=240&tp=PUBM&tpid=6AA20EB2-3054-41F5-AA88-72F748F4AD20&gdpr=1&gdpr_consent=CQi5_TAQi5_TAAfQ1BDECbFgAP_AAEPAAAigJSkR5G5cDWFBeTJ3YIskeYQX0cgpZgABAgaAAyABCDCAYIQAkkEyIAyAAAACAQAAIDSBAAAgDAhAAEAAAIgBAADoAAAEgBAIIAAEABERQ0IAAAgKCIgAEAAIAABxIkAAkAKAAILiQFAAgIAiAAABAAAAAIABAAMAAAAIAAACAAIAQAAAAAAAgAAAAAACABAIAAAAAAAAII3gAgGhUAQFAQCBAIAEECAAQUAABQAAAAASAAgAACBAAYAQAEEEyAAAAAAAAAQAAAAABAAAAAAhAAEAAAIAAAAAoAAAAAAAIAAAAABABQgAAAAgKAIgAAAAAAABAIEAAgAAAAAACQFAAAAAgAAAAAAAAAIAAAAAAAAAIAAAAAAAAAAAAAAAAgAAAAAAAAAAIAA.IJSkR5G5cDWFBeTJ3YIskeYQX0cgpZgABAgaAAyABCDCAYIQAkkEyIAyAAAACAQAAIDSBAAAgDAhAAEAAAIgBAADoAAAEgBAIIAAEABERQ0IAAAgKCIgAEAAIAABxIkAAkAKAAILiQFAAgIAiAAABAAAAAIABAAMAAAAIAAACAAIAQAAAAAAAgAAAAAACABAIAAAAAAAAIA.f_gACHgAAAA:0
